<?xml version="1.0" encoding="UTF-8"?>
<testng-results skipped="0" failed="0" total="2" passed="2">
  <reporter-output>
  </reporter-output>
  <suite name="Suite" duration-ms="5269" started-at="2018-05-17T06:53:04Z" finished-at="2018-05-17T06:53:10Z">
    <groups>
    </groups>
    <test name="Test" duration-ms="5269" started-at="2018-05-17T06:53:04Z" finished-at="2018-05-17T06:53:10Z">
      <class name="PageTest.ChappleExitTest">
        <test-method status="PASS" signature="setUp()[pri:0, instance:PageTest.ChappleExitTest@61386958]" name="setUp" is-config="true" duration-ms="0" started-at="2018-05-17T14:53:09Z" finished-at="2018-05-17T14:53:09Z">
          <reporter-output>
          </reporter-output>
        </test-method> <!-- setUp -->
        <test-method status="PASS" signature="chappleExittest()[pri:0, instance:PageTest.ChappleExitTest@61386958]" name="chappleExittest" duration-ms="215" started-at="2018-05-17T14:53:09Z" finished-at="2018-05-17T14:53:10Z">
          <reporter-output>
          </reporter-output>
        </test-method> <!-- chappleExittest -->
      </class> <!-- PageTest.ChappleExitTest -->
      <class name="PageTest.ChappleLoginTest">
        <test-method status="PASS" signature="setUp()[pri:0, instance:PageTest.ChappleLoginTest@2e222612]" name="setUp" is-config="true" duration-ms="9" started-at="2018-05-17T14:53:04Z" finished-at="2018-05-17T14:53:04Z">
          <reporter-output>
          </reporter-output>
        </test-method> <!-- setUp -->
        <test-method status="PASS" signature="loginSuccessTest()[pri:0, instance:PageTest.ChappleLoginTest@2e222612]" name="loginSuccessTest" duration-ms="5031" started-at="2018-05-17T14:53:04Z" finished-at="2018-05-17T14:53:09Z">
          <reporter-output>
          </reporter-output>
        </test-method> <!-- loginSuccessTest -->
      </class> <!-- PageTest.ChappleLoginTest -->
    </test> <!-- Test -->
  </suite> <!-- Suite -->
</testng-results>
